[debug] [2020-11-29T23:28:07.804Z] ----------------------------------------------------------------------
[debug] [2020-11-29T23:28:07.807Z] Command:       C:\Program Files\nodejs\node.exe C:\Users\jaspe\AppData\Roaming\npm\node_modules\firebase-tools\lib\bin\firebase.js emulators:start
[debug] [2020-11-29T23:28:07.807Z] CLI Version:   8.16.2
[debug] [2020-11-29T23:28:07.808Z] Platform:      win32
[debug] [2020-11-29T23:28:07.808Z] Node Version:  v12.16.3
[debug] [2020-11-29T23:28:07.809Z] Time:          Mon Nov 30 2020 07:28:07 GMT+0800 (Philippine Standard Time)
[debug] [2020-11-29T23:28:07.809Z] ----------------------------------------------------------------------
[debug] [2020-11-29T23:28:07.810Z] 
[debug] [2020-11-29T23:28:07.821Z] > command requires scopes: ["email","openid","https://www.googleapis.com/auth/cloudplatformprojects.readonly","https://www.googleapis.com/auth/firebase","https://www.googleapis.com/auth/cloud-platform"]
[debug] [2020-11-29T23:28:07.822Z] > authorizing via signed-in user
[info] i  emulators: Starting emulators: functions, hosting {"metadata":{"emulator":{"name":"hub"},"message":"Starting emulators: functions, hosting"}}
[debug] [2020-11-29T23:28:09.880Z] [hub] writing locator at C:\Users\jaspe\AppData\Local\Temp\hub-ukay-58a99.json
[warn] !  functions: The following emulators are not running, calls to these services from the Functions emulator will affect production: auth, firestore, database, pubsub {"metadata":{"emulator":{"name":"functions"},"message":"The following emulators are not running, calls to these services from the Functions emulator will affect production: \u001b[1mauth, firestore, database, pubsub\u001b[22m"}}
[info] +  functions: Using node@12 from host. {"metadata":{"emulator":{"name":"functions"},"message":"Using node@12 from host."}}
[debug] [2020-11-29T23:28:11.941Z] defaultcredentials: writing to file C:\Users\jaspe\AppData\Roaming\firebase\jasperloading24_gmail_com_application_default_credentials.json
[debug] [2020-11-29T23:28:11.943Z] Setting GAC to C:\Users\jaspe\AppData\Roaming\firebase\jasperloading24_gmail_com_application_default_credentials.json {"metadata":{"emulator":{"name":"functions"},"message":"Setting GAC to C:\\Users\\jaspe\\AppData\\Roaming\\firebase\\jasperloading24_gmail_com_application_default_credentials.json"}}
[debug] [2020-11-29T23:28:13.962Z] >>> HTTP REQUEST GET https://firebase.googleapis.com/v1beta1/projects/ukay-58a99/webApps/-/config  
 
[debug] [2020-11-29T23:28:15.735Z] <<< HTTP RESPONSE 200 {"content-type":"application/json; charset=UTF-8","vary":"X-Origin, Referer, Origin,Accept-Encoding","date":"Sun, 29 Nov 2020 23:28:15 GMT","server":"ESF","cache-control":"private","x-xss-protection":"0","x-frame-options":"SAMEORIGIN","x-content-type-options":"nosniff","alt-svc":"h3-29=\":443\"; ma=2592000,h3-T051=\":443\"; ma=2592000,h3-Q050=\":443\"; ma=2592000,h3-Q046=\":443\"; ma=2592000,h3-Q043=\":443\"; ma=2592000,quic=\":443\"; ma=2592000; v=\"46,43\"","accept-ranges":"none","transfer-encoding":"chunked"}
[info] i  hosting: Serving hosting files from: build {"metadata":{"emulator":{"name":"hosting"},"message":"Serving hosting files from: \u001b[1mbuild\u001b[22m"}}
[info] +  hosting: Local server: http://localhost:5000 {"metadata":{"emulator":{"name":"hosting"},"message":"Local server: \u001b[4m\u001b[1mhttp://localhost:5000\u001b[22m\u001b[24m"}}
[debug] [2020-11-29T23:28:19.799Z] Ignoring unsupported arg: auto_download {"metadata":{"emulator":{"name":"ui"},"message":"Ignoring unsupported arg: auto_download"}}
[debug] [2020-11-29T23:28:19.800Z] Ignoring unsupported arg: port {"metadata":{"emulator":{"name":"ui"},"message":"Ignoring unsupported arg: port"}}
[debug] [2020-11-29T23:28:19.800Z] Starting Emulator UI with command {"binary":"node","args":["C:\\Users\\jaspe\\.cache\\firebase\\emulators\\ui-v1.2.2\\server.bundle.js"],"optionalArgs":[],"joinArgs":false} {"metadata":{"emulator":{"name":"ui"},"message":"Starting Emulator UI with command {\"binary\":\"node\",\"args\":[\"C:\\\\Users\\\\jaspe\\\\.cache\\\\firebase\\\\emulators\\\\ui-v1.2.2\\\\server.bundle.js\"],\"optionalArgs\":[],\"joinArgs\":false}"}}
[info] i  ui: Emulator UI logging to ui-debug.log {"metadata":{"emulator":{"name":"ui"},"message":"Emulator UI logging to \u001b[1mui-debug.log\u001b[22m"}}
[debug] [2020-11-29T23:28:20.010Z] Web / API server started at http://localhost:4000
 {"metadata":{"emulator":{"name":"ui"},"message":"Web / API server started at http://localhost:4000\n"}}
[info] i  functions: Watching "C:\Users\jaspe\desktop\ukay2ph\ukay-ukay\functions" for Cloud Functions... {"metadata":{"emulator":{"name":"functions"},"message":"Watching \"C:\\Users\\jaspe\\desktop\\ukay2ph\\ukay-ukay\\functions\" for Cloud Functions..."}}
[debug] [2020-11-29T23:28:20.331Z] [worker-pool] addWorker(~diagnostic~) {"metadata":{"emulator":{"name":"functions"},"message":"[worker-pool] addWorker(~diagnostic~)"}}
[debug] [2020-11-29T23:28:20.332Z] [worker-pool] Adding worker with key ~diagnostic~, total=1 {"metadata":{"emulator":{"name":"functions"},"message":"[worker-pool] Adding worker with key ~diagnostic~, total=1"}}
[debug] [2020-11-29T23:28:20.332Z] [worker-pool] submitWork(triggerId=) {"metadata":{"emulator":{"name":"functions"},"message":"[worker-pool] submitWork(triggerId=)"}}
[debug] [2020-11-29T23:28:20.333Z] [worker-~diagnostic~-73fddab7-96ee-4407-a3ca-8fe679872689]: Assigning socketPath: \\?\pipe\C:\Users\jaspe\desktop\ukay2ph\ukay-ukay\functions\5044 {"metadata":{"emulator":{"name":"functions"},"message":"[worker-~diagnostic~-73fddab7-96ee-4407-a3ca-8fe679872689]: Assigning socketPath: \\\\?\\pipe\\C:\\Users\\jaspe\\desktop\\ukay2ph\\ukay-ukay\\functions\\5044"}}
[debug] [2020-11-29T23:28:20.334Z] [worker-~diagnostic~-73fddab7-96ee-4407-a3ca-8fe679872689]: BUSY {"metadata":{"emulator":{"name":"functions"},"message":"[worker-~diagnostic~-73fddab7-96ee-4407-a3ca-8fe679872689]: BUSY"}}
